{"C:\\bench\\Sample\\employeedetails\\Calculator.js":{"path":"C:\\bench\\Sample\\employeedetails\\Calculator.js","s":{"1":1,"2":1},"b":{},"f":{"1":1},"fnMap":{"1":{"name":"(anonymous_1)","line":5,"loc":{"start":{"line":5,"column":20},"end":{"line":5,"column":35}}}},"statementMap":{"1":{"start":{"line":5,"column":0},"end":{"line":7,"column":2}},"2":{"start":{"line":6,"column":1},"end":{"line":6,"column":14}}},"branchMap":{}},"C:\\bench\\Sample\\employeedetails\\app.js":{"path":"C:\\bench\\Sample\\employeedetails\\app.js","s":{"1":1,"2":1,"3":1,"4":1,"5":1,"6":1,"7":1,"8":0,"9":1,"10":1,"11":1,"12":1,"13":1,"14":1,"15":1},"b":{"1":[1,1],"2":[0,0]},"f":{"1":0,"2":1},"fnMap":{"1":{"name":"(anonymous_1)","line":14,"loc":{"start":{"line":14,"column":8},"end":{"line":14,"column":34}}},"2":{"name":"(anonymous_2)","line":27,"loc":{"start":{"line":27,"column":47},"end":{"line":27,"column":58}}}},"statementMap":{"1":{"start":{"line":5,"column":0},"end":{"line":6,"column":23}},"2":{"start":{"line":7,"column":0},"end":{"line":7,"column":33}},"3":{"start":{"line":10,"column":0},"end":{"line":10,"column":20}},"4":{"start":{"line":11,"column":0},"end":{"line":11,"column":30}},"5":{"start":{"line":12,"column":0},"end":{"line":12,"column":42}},"6":{"start":{"line":13,"column":0},"end":{"line":13,"column":20}},"7":{"start":{"line":14,"column":0},"end":{"line":20,"column":3}},"8":{"start":{"line":15,"column":1},"end":{"line":19,"column":4}},"9":{"start":{"line":22,"column":0},"end":{"line":22,"column":49}},"10":{"start":{"line":23,"column":0},"end":{"line":23,"column":51}},"11":{"start":{"line":24,"column":0},"end":{"line":24,"column":54}},"12":{"start":{"line":25,"column":0},"end":{"line":25,"column":45}},"13":{"start":{"line":27,"column":0},"end":{"line":29,"column":3}},"14":{"start":{"line":28,"column":1},"end":{"line":28,"column":68}},"15":{"start":{"line":31,"column":0},"end":{"line":31,"column":21}}},"branchMap":{"1":{"line":12,"type":"binary-expr","locations":[{"start":{"line":12,"column":16},"end":{"line":12,"column":32}},{"start":{"line":12,"column":36},"end":{"line":12,"column":40}}]},"2":{"line":15,"type":"binary-expr","locations":[{"start":{"line":15,"column":12},"end":{"line":15,"column":22}},{"start":{"line":15,"column":26},"end":{"line":15,"column":29}}]}}},"C:\\bench\\Sample\\employeedetails\\queries.js":{"path":"C:\\bench\\Sample\\employeedetails\\queries.js","s":{"1":1,"2":1,"3":1,"4":5,"5":5,"6":0,"7":5,"8":4,"9":4,"10":1,"11":1,"12":1,"13":0,"14":1,"15":1,"16":1,"17":1,"18":1,"19":0,"20":1,"21":1,"22":1,"23":1,"24":1,"25":0,"26":1,"27":1,"28":2,"29":2,"30":1,"31":0,"32":1},"b":{"1":[0,5],"2":[0,1],"3":[0,1],"4":[0,1],"5":[0,1]},"f":{"1":5,"2":5,"3":4,"4":1,"5":1,"6":1,"7":1,"8":1,"9":1,"10":2,"11":1},"fnMap":{"1":{"name":"query","line":8,"loc":{"start":{"line":8,"column":0},"end":{"line":8,"column":32}}},"2":{"name":"(anonymous_2)","line":9,"loc":{"start":{"line":9,"column":30},"end":{"line":9,"column":58}}},"3":{"name":"(anonymous_3)","line":13,"loc":{"start":{"line":13,"column":28},"end":{"line":13,"column":50}}},"4":{"name":"(anonymous_4)","line":20,"loc":{"start":{"line":20,"column":26},"end":{"line":20,"column":51}}},"5":{"name":"(anonymous_5)","line":21,"loc":{"start":{"line":21,"column":36},"end":{"line":21,"column":58}}},"6":{"name":"(anonymous_6)","line":33,"loc":{"start":{"line":33,"column":25},"end":{"line":33,"column":50}}},"7":{"name":"(anonymous_7)","line":35,"loc":{"start":{"line":35,"column":85},"end":{"line":35,"column":107}}},"8":{"name":"(anonymous_8)","line":46,"loc":{"start":{"line":46,"column":25},"end":{"line":46,"column":50}}},"9":{"name":"(anonymous_9)","line":48,"loc":{"start":{"line":48,"column":59},"end":{"line":48,"column":81}}},"10":{"name":"(anonymous_10)","line":59,"loc":{"start":{"line":59,"column":22},"end":{"line":59,"column":47}}},"11":{"name":"(anonymous_11)","line":61,"loc":{"start":{"line":61,"column":92},"end":{"line":61,"column":114}}}},"statementMap":{"1":{"start":{"line":5,"column":0},"end":{"line":5,"column":23}},"2":{"start":{"line":6,"column":0},"end":{"line":6,"column":79}},"3":{"start":{"line":8,"column":0},"end":{"line":18,"column":1}},"4":{"start":{"line":9,"column":1},"end":{"line":17,"column":4}},"5":{"start":{"line":10,"column":2},"end":{"line":12,"column":3}},"6":{"start":{"line":11,"column":3},"end":{"line":11,"column":13}},"7":{"start":{"line":13,"column":2},"end":{"line":16,"column":5}},"8":{"start":{"line":14,"column":3},"end":{"line":14,"column":10}},"9":{"start":{"line":15,"column":3},"end":{"line":15,"column":19}},"10":{"start":{"line":20,"column":0},"end":{"line":31,"column":2}},"11":{"start":{"line":21,"column":1},"end":{"line":30,"column":4}},"12":{"start":{"line":22,"column":2},"end":{"line":24,"column":3}},"13":{"start":{"line":23,"column":3},"end":{"line":23,"column":20}},"14":{"start":{"line":25,"column":2},"end":{"line":29,"column":5}},"15":{"start":{"line":33,"column":0},"end":{"line":44,"column":2}},"16":{"start":{"line":34,"column":1},"end":{"line":34,"column":18}},"17":{"start":{"line":35,"column":1},"end":{"line":43,"column":4}},"18":{"start":{"line":36,"column":2},"end":{"line":38,"column":3}},"19":{"start":{"line":37,"column":3},"end":{"line":37,"column":20}},"20":{"start":{"line":39,"column":2},"end":{"line":42,"column":5}},"21":{"start":{"line":46,"column":0},"end":{"line":57,"column":2}},"22":{"start":{"line":47,"column":1},"end":{"line":47,"column":18}},"23":{"start":{"line":48,"column":1},"end":{"line":56,"column":4}},"24":{"start":{"line":49,"column":2},"end":{"line":51,"column":3}},"25":{"start":{"line":50,"column":3},"end":{"line":50,"column":20}},"26":{"start":{"line":52,"column":2},"end":{"line":55,"column":5}},"27":{"start":{"line":59,"column":0},"end":{"line":70,"column":2}},"28":{"start":{"line":60,"column":1},"end":{"line":60,"column":18}},"29":{"start":{"line":61,"column":1},"end":{"line":69,"column":4}},"30":{"start":{"line":62,"column":2},"end":{"line":64,"column":3}},"31":{"start":{"line":63,"column":3},"end":{"line":63,"column":20}},"32":{"start":{"line":65,"column":2},"end":{"line":68,"column":5}}},"branchMap":{"1":{"line":10,"type":"if","locations":[{"start":{"line":10,"column":2},"end":{"line":10,"column":2}},{"start":{"line":10,"column":2},"end":{"line":10,"column":2}}]},"2":{"line":22,"type":"if","locations":[{"start":{"line":22,"column":2},"end":{"line":22,"column":2}},{"start":{"line":22,"column":2},"end":{"line":22,"column":2}}]},"3":{"line":36,"type":"if","locations":[{"start":{"line":36,"column":2},"end":{"line":36,"column":2}},{"start":{"line":36,"column":2},"end":{"line":36,"column":2}}]},"4":{"line":49,"type":"if","locations":[{"start":{"line":49,"column":2},"end":{"line":49,"column":2}},{"start":{"line":49,"column":2},"end":{"line":49,"column":2}}]},"5":{"line":62,"type":"if","locations":[{"start":{"line":62,"column":2},"end":{"line":62,"column":2}},{"start":{"line":62,"column":2},"end":{"line":62,"column":2}}]}}}}