TN:
SF:C:\bench\Sample\employeedetails\Calculator.js
FN:5,(anonymous_1)
FNF:1
FNH:1
FNDA:1,(anonymous_1)
DA:5,1
DA:6,1
LF:2
LH:2
BRF:0
BRH:0
end_of_record
TN:
SF:C:\bench\Sample\employeedetails\app.js
FN:14,(anonymous_1)
FN:27,(anonymous_2)
FNF:2
FNH:1
FNDA:0,(anonymous_1)
FNDA:1,(anonymous_2)
DA:5,1
DA:7,1
DA:10,1
DA:11,1
DA:12,1
DA:13,1
DA:14,1
DA:15,0
DA:22,1
DA:23,1
DA:24,1
DA:25,1
DA:27,1
DA:28,1
DA:31,1
LF:15
LH:14
BRDA:12,1,0,1
BRDA:12,1,1,1
BRDA:15,2,0,0
BRDA:15,2,1,0
BRF:4
BRH:2
end_of_record
TN:
SF:C:\bench\Sample\employeedetails\queries.js
FN:8,query
FN:9,(anonymous_2)
FN:13,(anonymous_3)
FN:20,(anonymous_4)
FN:21,(anonymous_5)
FN:33,(anonymous_6)
FN:35,(anonymous_7)
FN:46,(anonymous_8)
FN:48,(anonymous_9)
FN:59,(anonymous_10)
FN:61,(anonymous_11)
FNF:11
FNH:11
FNDA:5,query
FNDA:5,(anonymous_2)
FNDA:4,(anonymous_3)
FNDA:1,(anonymous_4)
FNDA:1,(anonymous_5)
FNDA:1,(anonymous_6)
FNDA:1,(anonymous_7)
FNDA:1,(anonymous_8)
FNDA:1,(anonymous_9)
FNDA:2,(anonymous_10)
FNDA:1,(anonymous_11)
DA:5,1
DA:6,1
DA:8,1
DA:9,5
DA:10,5
DA:11,0
DA:13,5
DA:14,4
DA:15,4
DA:20,1
DA:21,1
DA:22,1
DA:23,0
DA:25,1
DA:33,1
DA:34,1
DA:35,1
DA:36,1
DA:37,0
DA:39,1
DA:46,1
DA:47,1
DA:48,1
DA:49,1
DA:50,0
DA:52,1
DA:59,1
DA:60,2
DA:61,2
DA:62,1
DA:63,0
DA:65,1
LF:32
LH:27
BRDA:10,1,0,0
BRDA:10,1,1,5
BRDA:22,2,0,0
BRDA:22,2,1,1
BRDA:36,3,0,0
BRDA:36,3,1,1
BRDA:49,4,0,0
BRDA:49,4,1,1
BRDA:62,5,0,0
BRDA:62,5,1,1
BRF:10
BRH:5
end_of_record
